# JRE version: Java(TM) SE Runtime Environment (8.0_51-b16) (build 1.8.0_51-b16)
# Java VM: Java HotSpot(TM) 64-Bit Server VM (25.51-b03 mixed mode windows-amd64 compressed oops)
Heap:
 PSYoungGen      total 2647552K, used 1237520K [0x0000000716b00000, 0x00000007bfc80000, 0x00000007c0000000)
  eden space 2525184K, 48% used [0x0000000716b00000,0x0000000761434020,0x00000007b0d00000)
  from space 122368K, 12% used [0x00000007b0d00000,0x00000007b1c50050,0x00000007b8480000)
  to   space 119296K, 0% used [0x00000007b8800000,0x00000007b8800000,0x00000007bfc80000)
 ParOldGen       total 763904K, used 457241K [0x00000005c4000000, 0x00000005f2a00000, 0x0000000716b00000)
  object space 763904K, 59% used [0x00000005c4000000,0x00000005dfe866c0,0x00000005f2a00000)
 Metaspace       used 156032K, capacity 172864K, committed 173096K, reserved 1185792K
  class space    used 30621K, capacity 36353K, committed 36392K, reserved 1048576K
GC Heap History (10 events):
Event: 22.815 GC heap before
{Heap before GC invocations=52 (full 4):
 PSYoungGen      total 2680320K, used 1266158K [0x0000000716b00000, 0x00000007c0000000, 0x00000007c0000000)
  eden space 2586624K, 45% used [0x0000000716b00000,0x000000075e400a10,0x00000007b4900000)
  from space 93696K, 99% used [0x00000007b4900000,0x00000007ba47af78,0x00000007ba480000)
  to   space 93696K, 0% used [0x00000007ba480000,0x00000007ba480000,0x00000007c0000000)
 ParOldGen       total 559616K, used 360034K [0x00000005c4000000, 0x00000005e6280000, 0x0000000716b00000)
  object space 559616K, 64% used [0x00000005c4000000,0x00000005d9f98be8,0x00000005e6280000)
 Metaspace       used 148497K, capacity 164276K, committed 164336K, reserved 1179648K
  class space    used 28878K, capacity 34216K, committed 34216K, reserved 1048576K
Event: 22.867 GC heap after
Heap after GC invocations=52 (full 4):
 PSYoungGen      total 2617856K, used 93685K [0x0000000716b00000, 0x00000007c0000000, 0x00000007c0000000)
  eden space 2524160K, 0% used [0x0000000716b00000,0x0000000716b00000,0x00000007b0c00000)
  from space 93696K, 99% used [0x00000007ba480000,0x00000007bfffd518,0x00000007c0000000)
  to   space 124928K, 0% used [0x00000007b0c00000,0x00000007b0c00000,0x00000007b8600000)
 ParOldGen       total 559616K, used 364643K [0x00000005c4000000, 0x00000005e6280000, 0x0000000716b00000)
  object space 559616K, 65% used [0x00000005c4000000,0x00000005da418d08,0x00000005e6280000)
 Metaspace       used 148497K, capacity 164276K, committed 164336K, reserved 1179648K
  class space    used 28878K, capacity 34216K, committed 34216K, reserved 1048576K
}
Event: 22.867 GC heap before
{Heap before GC invocations=53 (full 5):
 PSYoungGen      total 2617856K, used 93685K [0x0000000716b00000, 0x00000007c0000000, 0x00000007c0000000)
  eden space 2524160K, 0% used [0x0000000716b00000,0x0000000716b00000,0x00000007b0c00000)
  from space 93696K, 99% used [0x00000007ba480000,0x00000007bfffd518,0x00000007c0000000)
  to   space 124928K, 0% used [0x00000007b0c00000,0x00000007b0c00000,0x00000007b8600000)
 ParOldGen       total 559616K, used 364643K [0x00000005c4000000, 0x00000005e6280000, 0x0000000716b00000)
  object space 559616K, 65% used [0x00000005c4000000,0x00000005da418d08,0x00000005e6280000)
 Metaspace       used 148497K, capacity 164276K, committed 164336K, reserved 1179648K
  class space    used 28878K, capacity 34216K, committed 34216K, reserved 1048576K
Event: 23.439 GC heap after
Heap after GC invocations=53 (full 5):
 PSYoungGen      total 2617856K, used 0K [0x0000000716b00000, 0x00000007c0000000, 0x00000007c0000000)
  eden space 2524160K, 0% used [0x0000000716b00000,0x0000000716b00000,0x00000007b0c00000)
  from space 93696K, 0% used [0x00000007ba480000,0x00000007ba480000,0x00000007c0000000)
  to   space 124928K, 0% used [0x00000007b0c00000,0x00000007b0c00000,0x00000007b8600000)
 ParOldGen       total 763904K, used 450611K [0x00000005c4000000, 0x00000005f2a00000, 0x0000000716b00000)
  object space 763904K, 58% used [0x00000005c4000000,0x00000005df80cdb8,0x00000005f2a00000)
 Metaspace       used 148494K, capacity 164268K, committed 164336K, reserved 1179648K
  class space    used 28877K, capacity 34214K, committed 34216K, reserved 1048576K
}
Event: 24.020 GC heap before
{Heap before GC invocations=54 (full 5):
 PSYoungGen      total 2617856K, used 2524160K [0x0000000716b00000, 0x00000007c0000000, 0x00000007c0000000)
  eden space 2524160K, 100% used [0x0000000716b00000,0x00000007b0c00000,0x00000007b0c00000)
  from space 93696K, 0% used [0x00000007ba480000,0x00000007ba480000,0x00000007c0000000)
  to   space 124928K, 0% used [0x00000007b0c00000,0x00000007b0c00000,0x00000007b8600000)
 ParOldGen       total 763904K, used 457233K [0x00000005c4000000, 0x00000005f2a00000, 0x0000000716b00000)
  object space 763904K, 59% used [0x00000005c4000000,0x00000005dfe846c0,0x00000005f2a00000)
 Metaspace       used 153782K, capacity 169874K, committed 170024K, reserved 1183744K
  class space    used 30096K, capacity 35598K, committed 35624K, reserved 1048576K
Event: 24.032 GC heap after
Heap after GC invocations=54 (full 5):
 PSYoungGen      total 2649088K, used 12160K [0x0000000716b00000, 0x00000007c0000000, 0x00000007c0000000)
  eden space 2524160K, 0% used [0x0000000716b00000,0x0000000716b00000,0x00000007b0c00000)
  from space 124928K, 9% used [0x00000007b0c00000,0x00000007b17e0020,0x00000007b8600000)
  to   space 123904K, 0% used [0x00000007b8700000,0x00000007b8700000,0x00000007c0000000)
 ParOldGen       total 763904K, used 457233K [0x00000005c4000000, 0x00000005f2a00000, 0x0000000716b00000)
  object space 763904K, 59% used [0x00000005c4000000,0x00000005dfe846c0,0x00000005f2a00000)
 Metaspace       used 153782K, capacity 169874K, committed 170024K, reserved 1183744K
  class space    used 30096K, capacity 35598K, committed 35624K, reserved 1048576K
}
Event: 24.033 GC heap before
{Heap before GC invocations=55 (full 5):
 PSYoungGen      total 2649088K, used 31327K [0x0000000716b00000, 0x00000007c0000000, 0x00000007c0000000)
  eden space 2524160K, 0% used [0x0000000716b00000,0x0000000717db7fd8,0x00000007b0c00000)
  from space 124928K, 9% used [0x00000007b0c00000,0x00000007b17e0020,0x00000007b8600000)
  to   space 123904K, 0% used [0x00000007b8700000,0x00000007b8700000,0x00000007c0000000)
 ParOldGen       total 763904K, used 457233K [0x00000005c4000000, 0x00000005f2a00000, 0x0000000716b00000)
  object space 763904K, 59% used [0x00000005c4000000,0x00000005dfe846c0,0x00000005f2a00000)
 Metaspace       used 153782K, capacity 169874K, committed 170024K, reserved 1183744K
  class space    used 30096K, capacity 35598K, committed 35624K, reserved 1048576K
Event: 24.044 GC heap after
Heap after GC invocations=55 (full 5):
 PSYoungGen      total 2644992K, used 12160K [0x0000000716b00000, 0x00000007bfc00000, 0x00000007c0000000)
  eden space 2525184K, 0% used [0x0000000716b00000,0x0000000716b00000,0x00000007b0d00000)
  from space 119808K, 10% used [0x00000007b8700000,0x00000007b92e0020,0x00000007bfc00000)
  to   space 122368K, 0% used [0x00000007b0d00000,0x00000007b0d00000,0x00000007b8480000)
 ParOldGen       total 763904K, used 457233K [0x00000005c4000000, 0x00000005f2a00000, 0x0000000716b00000)
  object space 763904K, 59% used [0x00000005c4000000,0x00000005dfe846c0,0x00000005f2a00000)
 Metaspace       used 153782K, capacity 169874K, committed 170024K, reserved 1183744K
  class space    used 30096K, capacity 35598K, committed 35624K, reserved 1048576K
}
Event: 24.544 GC heap before
{Heap before GC invocations=56 (full 5):
 PSYoungGen      total 2644992K, used 2537344K [0x0000000716b00000, 0x00000007bfc00000, 0x00000007c0000000)
  eden space 2525184K, 100% used [0x0000000716b00000,0x00000007b0d00000,0x00000007b0d00000)
  from space 119808K, 10% used [0x00000007b8700000,0x00000007b92e0020,0x00000007bfc00000)
  to   space 122368K, 0% used [0x00000007b0d00000,0x00000007b0d00000,0x00000007b8480000)
 ParOldGen       total 763904K, used 457233K [0x00000005c4000000, 0x00000005f2a00000, 0x0000000716b00000)
  object space 763904K, 59% used [0x00000005c4000000,0x00000005dfe846c0,0x00000005f2a00000)
 Metaspace       used 155724K, capacity 172358K, committed 172456K, reserved 1185792K
  class space    used 30554K, capacity 36234K, committed 36264K, reserved 1048576K
Event: 24.556 GC heap after
Heap after GC invocations=56 (full 5):
 PSYoungGen      total 2647552K, used 15680K [0x0000000716b00000, 0x00000007bfc80000, 0x00000007c0000000)
  eden space 2525184K, 0% used [0x0000000716b00000,0x0000000716b00000,0x00000007b0d00000)
  from space 122368K, 12% used [0x00000007b0d00000,0x00000007b1c50050,0x00000007b8480000)
  to   space 119296K, 0% used [0x00000007b8800000,0x00000007b8800000,0x00000007bfc80000)
 ParOldGen       total 763904K, used 457241K [0x00000005c4000000, 0x00000005f2a00000, 0x0000000716b00000)
  object space 763904K, 59% used [0x00000005c4000000,0x00000005dfe866c0,0x00000005f2a00000)
 Metaspace       used 155724K, capacity 172358K, committed 172456K, reserved 1185792K
  class space    used 30554K, capacity 36234K, committed 36264K, reserved 1048576K
}

